build/outputs/logs/manifest-merger-debug-report.txt
-- Merging decision tree log ---
manifest
ADDED from android/QRPasswds/AndroidManifest.xml:2:1-42:12
	package
		ADDED from android/QRPasswds/AndroidManifest.xml:3:5-28
	android:versionName
		ADDED from android/QRPasswds/AndroidManifest.xml:5:5-32
	android:versionCode
		ADDED from android/QRPasswds/AndroidManifest.xml:4:5-28
		INJECTED from android/QRPasswds/AndroidManifest.xml
		INJECTED from android/QRPasswds/AndroidManifest.xml
	xmlns:android
		ADDED from android/QRPasswds/AndroidManifest.xml:2:11-69
uses-sdk
ADDED from android/QRPasswds/AndroidManifest.xml:7:5-9:41
	android:targetSdkVersion
		ADDED from android/QRPasswds/AndroidManifest.xml:9:9-38
	android:minSdkVersion
		ADDED from android/QRPasswds/AndroidManifest.xml:8:9-35
uses-permission#android.permission.WRITE_EXTERNAL_STORAGE
ADDED from android/QRPasswds/AndroidManifest.xml:10:5-80
	android:name
		ADDED from android/QRPasswds/AndroidManifest.xml:10:22-78
application
ADDED from android/QRPasswds/AndroidManifest.xml:12:5-40:19
	android:label
		ADDED from android/QRPasswds/AndroidManifest.xml:15:9-41
	android:allowBackup
		ADDED from android/QRPasswds/AndroidManifest.xml:13:9-35
	android:icon
		ADDED from android/QRPasswds/AndroidManifest.xml:14:9-45
service#com.qrpasswds.EncryptEncode
ADDED from android/QRPasswds/AndroidManifest.xml:17:9-49
	android:name
		ADDED from android/QRPasswds/AndroidManifest.xml:17:18-46
activity#com.qrpasswds.MainActivity
ADDED from android/QRPasswds/AndroidManifest.xml:19:9-27:20
	android:label
		ADDED from android/QRPasswds/AndroidManifest.xml:21:13-45
	android:windowSoftInputMode
		ADDED from android/QRPasswds/AndroidManifest.xml:22:13-52
	android:name
		ADDED from android/QRPasswds/AndroidManifest.xml:20:13-54
intent-filter#android.intent.action.MAIN+android.intent.category.LAUNCHER
ADDED from android/QRPasswds/AndroidManifest.xml:23:13-26:29
action#android.intent.action.MAIN
ADDED from android/QRPasswds/AndroidManifest.xml:24:17-69
	android:name
		ADDED from android/QRPasswds/AndroidManifest.xml:24:25-66
category#android.intent.category.LAUNCHER
ADDED from android/QRPasswds/AndroidManifest.xml:25:17-77
	android:name
		ADDED from android/QRPasswds/AndroidManifest.xml:25:27-74
activity#com.qrpasswds.ExportKey
ADDED from android/QRPasswds/AndroidManifest.xml:28:9-31:20
	android:theme
		ADDED from android/QRPasswds/AndroidManifest.xml:30:13-43
	android:name
		ADDED from android/QRPasswds/AndroidManifest.xml:29:13-51
activity#com.qrpasswds.ImportKey
ADDED from android/QRPasswds/AndroidManifest.xml:32:9-35:20
	android:theme
		ADDED from android/QRPasswds/AndroidManifest.xml:34:13-43
	android:name
		ADDED from android/QRPasswds/AndroidManifest.xml:33:13-51
activity#com.qrpasswds.GenerateKey
ADDED from android/QRPasswds/AndroidManifest.xml:36:9-39:20
	android:theme
		ADDED from android/QRPasswds/AndroidManifest.xml:38:13-43
	android:name
		ADDED from android/QRPasswds/AndroidManifest.xml:37:13-53